<?xml version="1.0" encoding="UTF-8"?>
<!-- Generated by org.testng.reporters.JUnitReportReporter -->
<testsuite skipped="0" hostname="Sarang-Notebook" name="SelniumSessions._18_DataProviderTestNG._18_TestNg_DataProvider" tests="6" failures="0" timestamp="02 Jun 2020 14:55:54 GMT" time="77.370" errors="0">
  <testcase name="loginHubSpot" time="11.012" classname="SelniumSessions._18_DataProviderTestNG._18_TestNg_DataProvider"/>
  <testcase name="loginHubSpot" time="13.588" classname="SelniumSessions._18_DataProviderTestNG._18_TestNg_DataProvider"/>
  <testcase name="loginHubSpot" time="11.878" classname="SelniumSessions._18_DataProviderTestNG._18_TestNg_DataProvider"/>
  <testcase name="loginHubSpot" time="10.691" classname="SelniumSessions._18_DataProviderTestNG._18_TestNg_DataProvider"/>
  <testcase name="loginHubSpot" time="17.179" classname="SelniumSessions._18_DataProviderTestNG._18_TestNg_DataProvider"/>
  <testcase name="loginHubSpot" time="13.022" classname="SelniumSessions._18_DataProviderTestNG._18_TestNg_DataProvider"/>
</testsuite> <!-- SelniumSessions._18_DataProviderTestNG._18_TestNg_DataProvider -->
