<?xml version="1.0" encoding="UTF-8"?>
<!-- Generated by org.testng.reporters.JUnitReportReporter -->
<testsuite skipped="0" hostname="Sarang-Notebook" name="SelniumSessions._19_DataProviderTestNGWithExcelFile._19_TestNg_DataProviderWithExcelFile" tests="3" failures="0" timestamp="02 Jun 2020 15:12:03 GMT" time="34.529" errors="0">
  <testcase name="loginHubSpot" time="11.136" classname="SelniumSessions._19_DataProviderTestNGWithExcelFile._19_TestNg_DataProviderWithExcelFile"/>
  <testcase name="loginHubSpot" time="11.247" classname="SelniumSessions._19_DataProviderTestNGWithExcelFile._19_TestNg_DataProviderWithExcelFile"/>
  <testcase name="loginHubSpot" time="12.146" classname="SelniumSessions._19_DataProviderTestNGWithExcelFile._19_TestNg_DataProviderWithExcelFile"/>
</testsuite> <!-- SelniumSessions._19_DataProviderTestNGWithExcelFile._19_TestNg_DataProviderWithExcelFile -->
