<?xml version="1.0" encoding="UTF-8"?>
<!-- Generated by org.testng.reporters.JUnitReportReporter -->
<testsuite skipped="0" hostname="Sarang-Notebook" name="SelniumSessions.test" tests="1" failures="0" timestamp="28 May 2020 13:57:08 GMT" time="25.754" errors="0">
  <testcase name="autoSuggestion" time="25.754" classname="SelniumSessions.test"/>
</testsuite> <!-- SelniumSessions.test -->
